This is pdfTeX, Version 3.141592653-2.6-1.40.29 (TeX Live 2026/Arch Linux) (preloaded format=pdflatex 2026.3.10)  18 MAR 2026 04:44
entering extended mode
 restricted \write18 enabled.
 %&-line parsing enabled.
**/home/luke/Repos/CloudBelly/lambda/collection/collection/spiders/www_abs_gov_
au/total_value_of_dwellings.py

(/home/luke/Repos/CloudBelly/lambda/collection/collection/spiders/www_abs_gov_a
u/total_value_of_dwellings.py
LaTeX2e <2025-11-01>
L3 programming layer <2026-01-19>

! LaTeX Error: Missing \begin{document}.

See the LaTeX manual or LaTeX Companion for explanation.
Type  H <return>  for immediate help.
 ...                                              
                                                  
l.1 i
     mport scrapy
? 
! Emergency stop.
 ...                                              
                                                  
l.1 i
     mport scrapy
You're in trouble here.  Try typing  <return>  to proceed.
If that doesn't work, type  X <return>  to quit.

 
Here is how much of TeX's memory you used:
 17 strings out of 469515
 795 string characters out of 5470807
 433756 words of memory out of 5000000
 28767 multiletter control sequences out of 15000+600000
 627721 words of font info for 40 fonts, out of 8000000 for 9000
 14 hyphenation exceptions out of 8191
 15i,0n,18p,156b,14s stack positions out of 10000i,1000n,20000p,200000b,200000s
!  ==> Fatal error occurred, no output PDF file produced!
